-0.00070 0.00056 0.00364 0.00945 -0.02807 0.80050 0.76364 0.00000 0.00000
-0.00245 0.00090 0.03375 0.01030 -0.03015 -0.09939 1.16052 0.00000 0.00000
-0.00161 0.00029 0.01499 0.01345 -0.03417 -1.78062 0.74048 0.00000 0.00000
0.00023 0.00028 -0.00897 0.00444 -0.02805 -0.13089 1.00217 0.00000 0.00000
0.00100 0.00047 -0.02527 0.00656 -0.01684 0.76479 0.83456 0.00000 0.00000
-0.00273 0.00109 0.02829 0.01742 -0.02812 -1.40204 1.13144 0.00000 0.00000
0.00092 -0.00001 -0.02587 0.01064 -0.02903 -0.40800 1.94696 0.00000 0.00000
-0.00071 0.00143 0.01229 0.00231 -0.01796 -0.07609 1.11062 0.00000 0.00000
0.00556 -0.00120 -0.09807 0.02235 -0.02583 -0.12563 1.77607 0.00000 0.00000
-0.01530 -0.02962 0.29951 0.00388 -0.12510 1.64631 23.11626 0.00000 0.00000
-0.02421 -0.02058 0.40212 0.01216 -0.08821 1.52927 43.92003 0.00000 0.00000
0.00072 -0.00213 -0.02717 0.02083 -0.07479 1.44873 46.16039 0.00000 0.00000
-0.00140 -0.00350 0.01036 0.01449 -0.07974 1.57024 45.66314 0.00000 0.00000
-0.00112 -0.00423 0.01776 0.00431 -0.08782 1.56725 45.33436 0.00000 0.00000
0.08550 0.01737 -0.98231 0.04279 -0.06660 1.46186 44.90076 0.00000 0.00000
-0.00363 -0.00547 0.04397 0.01630 -0.08670 1.52424 44.81061 0.00000 0.00000
0.00467 0.00011 -0.09440 0.00694 -0.07806 1.35851 43.44771 0.00000 0.00000
-0.00077 -0.00338 0.00084 0.01353 -0.08282 1.46706 43.36042 0.00000 0.00000
-0.00211 -0.00389 0.02762 0.01033 -0.07867 1.36250 43.55399 0.00000 0.00000
-0.00364 -0.00520 0.03684 0.02141 -0.08572 1.45077 43.59910 0.00000 0.00000
0.00058 -0.00249 -0.01525 0.00346 -0.08085 1.43799 42.93063 0.00000 0.00000
-0.00182 -0.00338 0.01847 0.01342 -0.07567 1.42549 43.59907 0.00000 0.00000
0.00032 -0.00327 -0.01610 0.01160 -0.09305 1.49239 42.12941 0.00000 0.00000
-0.00215 -0.00408 0.02159 0.01543 -0.08173 1.42096 43.39643 0.00000 0.00000
0.00055 -0.00219 -0.01612 0.00550 -0.07476 1.41903 43.72392 0.00000 0.00000
-0.00364 -0.00614 0.03284 0.02447 -0.09484 1.45791 43.72802 0.00000 0.00000
0.00079 -0.00247 -0.02208 0.00756 -0.08392 1.38233 43.43940 0.00000 0.00000
-0.00625 -0.00522 0.06034 0.03034 -0.07756 1.29523 43.52252 0.00000 0.00000
-0.00232 -0.00384 0.02183 0.01746 -0.07869 1.27116 44.12205 0.00000 0.00000
-0.00097 -0.00396 -0.00699 0.02781 -0.08996 1.39964 43.88360 0.00000 0.00000
-0.00705 -0.00767 0.08774 0.02106 -0.08853 1.32842 43.40994 0.00000 0.00000
-0.00227 -0.00272 0.02623 0.01338 -0.06654 1.21681 41.91654 0.00000 0.00000
-0.00215 -0.00329 0.00829 0.02871 -0.07468 1.12136 44.12818 0.00000 0.00000
0.00234 -0.00202 -0.05170 0.03940 -0.07996 1.16169 44.07030 0.00000 0.00000
-0.01146 -0.00999 0.14829 0.02265 -0.08728 1.23244 42.99545 0.00000 0.00000
-0.01715 -0.00355 0.28366 0.01186 -0.05420 1.04438 41.00281 0.00000 0.00000
-0.03717 -0.02679 0.35766 0.04969 -0.10308 1.07211 41.21955 0.00000 0.00000
0.00185 -0.00005 -0.04597 0.03935 -0.03002 0.92507 39.57126 0.00000 0.00000
-0.01527 -0.00054 0.10664 0.06423 -0.04531 0.78336 38.68413 0.00000 0.00000
-0.03462 -0.01269 0.33490 0.04892 -0.07377 0.70448 31.30725 0.00000 0.00000
-0.00115 0.01047 0.10358 -0.02324 0.02397 0.64937 27.13886 0.00000 0.00000
0.00021 0.00082 -0.01853 0.01874 -0.01787 0.69220 23.85446 0.00000 0.00000
0.00682 -0.00187 -0.11724 0.02146 -0.01964 0.73824 18.27703 0.00000 0.00000
-0.03477 -0.02295 0.55147 0.01516 -0.08185 0.77873 19.79169 0.00000 0.00000
0.04517 -0.01366 -0.60053 0.03151 -0.02148 0.70783 24.01313 0.00000 0.00000
0.09591 0.00119 -0.62452 0.11580 -0.05065 0.69658 28.20670 0.00000 0.00000
0.00136 0.00047 -0.02185 -0.01075 -0.01380 0.60189 30.53313 0.00000 0.00000
-0.01563 0.00074 0.22725 0.01814 -0.04136 0.70556 34.80718 0.00000 0.00000
0.01662 -0.00228 -0.18795 0.05827 -0.02771 0.77128 39.26216 0.00000 0.00000
-0.13673 -0.07871 0.42977 0.23154 -0.13463 0.83704 40.89146 0.00000 0.00000
0.03151 0.00172 -0.31072 0.06595 -0.05888 0.75175 41.55739 0.00000 0.00000
0.00309 0.00543 0.06932 -0.05135 0.00404 0.65583 40.94123 0.00000 0.00000
0.00889 -0.00367 -0.22487 -0.00896 -0.02868 0.64804 42.33415 0.00000 0.00000
-0.00011 0.00191 0.02671 -0.01396 -0.01497 0.58751 41.84107 0.00000 0.00000
-0.00194 -0.00866 0.04352 -0.00088 -0.12007 0.42798 41.61001 0.00000 0.00000
-0.02429 0.01777 -0.27804 -0.16451 -0.16346 0.06295 40.69554 0.00000 0.00000
-0.05916 0.02291 -0.76016 -0.13324 -0.08149 0.23153 42.24178 0.00000 0.00000
0.00880 0.03075 -0.25332 -0.01509 -0.20625 0.66241 44.29338 0.00000 0.00000
0.00533 0.00133 -0.16855 -0.02156 -0.06488 0.88864 44.56571 0.00000 0.00000
0.05685 -0.07134 0.26958 -0.20970 -0.19872 -0.48357 45.06475 0.00000 0.00000
