-0.0017822826218625853 0.00847135238531982 -0.10772513658187322 -0.016492315687027973 -0.07944922785888354 -1.869057811211471 -8.10 -16.50 -35.82
-0.0016162486690512456 0.007672639663747427 -0.09779144048821209 -0.016475388417657662 -0.0793675189620173 -1.8280930318402224 -7.20 -15.90 -36.06
-0.001517723078036326 0.007698199899280556 -0.09795110897302273 -0.015445845866242924 -0.07936882600701793 -1.854787065607773 -7.80 -16.50 -35.57
-0.0017822826218625853 0.008471352385320263 -0.10772513658187677 -0.016492315687027973 -0.07944922785888354 -1.814850471794605 -7.20 -17.40 -34.36
-0.001841030366759977 0.00754078302639738 -0.09901660708922577 -0.018537354253754367 -0.07731154562224862 -1.8709513319852067 -7.80 -15.60 -35.82
-0.0016293583270131362 0.007635240511416508 -0.09858436012349259 -0.016476724955633213 -0.07834101166258443 -1.8784380206418179 -8.10 -16.20 -35.33
-0.0016733875908473972 0.008496991473126325 -0.10788513011704381 -0.015461715703399981 -0.07945053894493286 -1.8536201331814914 -7.50 -15.60 -35.33
-0.001890662166203927 0.008444061018498372 -0.10755482951259587 -0.017522880634507566 -0.07944783225795791 -1.8272675616636815 -7.20 -15.60 -37.03
-0.0016293583270131362 0.007635240511416619 -0.09858436012349259 -0.016476724955633213 -0.07834101166258443 -1.8581710365016881 -7.80 -15.90 -37.27
-0.0016029708952470245 0.007707581540808528 -0.09698835254399718 -0.016474034740195008 -0.08039385867493547 -1.8688650872769983 -8.10 -16.20 -36.54
-0.0017689638872310787 0.00851646760647673 -0.10692040382022583 -0.016490957833204107 -0.08047661511274866 -1.8979577265928007 -8.40 -15.60 -36.06
-0.0016162486690510791 0.007672639663747094 -0.09779144048821031 -0.016475388417657662 -0.0793675189620173 -1.8594492056674374 -7.80 -15.90 -36.54
-0.0017001534641917226 0.007680027552200541 -0.09681846162112961 -0.017503457808685362 -0.08039244953814335 -1.8822088148084104 -8.40 -16.20 -37.03
-0.001714260358576969 0.007645432226940141 -0.09762147940520727 -0.017504896040674227 -0.07936612766248716 -1.8585525994742396 -7.80 -16.20 -35.57
-0.0017001534641916949 0.00768002755220043 -0.09681846162112784 -0.017503457808685362 -0.08039244953814335 -1.810868781592817 -6.90 -15.90 -35.57
-0.0017689638872309121 0.00851646760647684 -0.10692040382022938 -0.016490957833204107 -0.08047661511274866 -1.8359129557280098 -7.50 -16.50 -35.57
-0.002053231465041966 0.009299286462164047 -0.1166816620943898 -0.017539454975405988 -0.08055812384354205 -1.8296744381538066 -7.50 -16.50 -36.78
-0.0019835121008924816 0.008459516687039814 -0.10656962292342698 -0.018551880883477256 -0.08047370254218662 -1.8622117425293208 -7.80 -15.60 -36.30
-0.001890662166203927 0.008444061018498372 -0.10755482951259587 -0.017522880634507566 -0.07944783225795791 -1.858734427235146 -7.80 -15.90 -36.54
-0.0020899327723975514 0.008428532142543688 -0.10637877270674423 -0.01958228440131868 -0.08047211789398581 -1.7988292279328213 -6.90 -16.20 -37.03
-0.0021706166436727126 0.009269884021216868 -0.11650075009503702 -0.018570957007700076 -0.08055662012714808 -1.8623763468269916 -7.80 -15.30 -37.27
-0.0020899327723975236 0.008428532142543688 -0.10637877270674423 -0.01958228440131868 -0.08047211789398581 -1.8743518745349352 -8.10 -15.90 -36.06
-0.002303282537099466 0.00918460413038158 -0.11711566875485069 -0.01960403676858527 -0.07952665075490921 -1.8524911425122166 -7.80 -16.50 -35.57
-0.0023032825370996046 0.00918460413038169 -0.11711566875485424 -0.01960403676858527 -0.07952665075490921 -1.813147870997417 -7.20 -17.10 -35.33
-0.002024304678199723 0.009401666455298385 -0.11503844396222185 -0.017536505817804155 -0.08261444742551662 -1.8607157798026874 -7.80 -15.60 -35.82
-0.002185644858721303 0.00921529345777039 -0.11730698695959596 -0.018572489200065385 -0.07952822018643521 -1.8687903412515574 -7.80 -15.60 -35.33
-0.002303282537099466 0.00918460413038158 -0.11711566875485069 -0.01960403676858527 -0.07952665075490921 -1.8913984838612825 -8.40 -15.90 -36.30
-0.0022004828095071316 0.00915823102888691 -0.11810301641911103 -0.018574001994198293 -0.07849965164348247 -1.8541750823270136 -7.80 -16.20 -36.78
-0.0020952745425200925 0.009127020149033993 -0.11906996517356916 -0.017543741371613564 -0.07747236322156424 -1.8803508754759437 -8.10 -15.90 -36.30
-0.0019984940539563845 0.008415117720381726 -0.10737421052638396 -0.01855340835868954 -0.07944635215552148 -1.9060948518781737 -8.70 -16.20 -35.57
-0.0019748691154550524 0.009153697683215278 -0.11924075810944323 -0.01651195001110398 -0.07747372722148012 -1.8570878447771069 -7.50 -15.60 -35.33
