-0.13 0.07 9.56
-0.19 0.11 8.97
-0.20 0.10 8.04
-0.15 0.05 6.85
-0.08 -0.03 5.50
0.00 -0.11 4.09
0.09 -0.21 2.71
0.16 -0.29 1.45
0.22 -0.35 0.36
0.27 -0.38 -0.53
0.30 -0.39 -1.21
0.32 -0.36 -1.70
0.35 -0.31 -2.00
0.37 -0.24 -2.15
0.34 -0.16 -2.18
0.40 -0.44 -2.07
0.35 -0.34 -1.96
0.32 -0.26 -1.81
0.28 -0.25 -1.73
0.31 -0.27 -1.72
0.34 -0.30 -1.79
0.44 -0.42 -1.90
0.27 -0.48 -2.07
0.33 -0.56 -2.16
0.29 -0.60 -2.19
0.23 -0.64 -2.10
0.14 -0.68 -1.92
0.05 -0.71 -1.66
-0.02 -0.73 -1.36
-0.04 -0.77 -1.06
-0.03 -0.81 -0.81
0.01 -0.85 -0.63
0.06 -0.87 -0.51
0.10 -0.88 -0.46
0.13 -0.86 -0.48
0.13 -0.82 -0.55
0.11 -0.76 -0.63
0.07 -0.68 -0.74
0.03 -0.60 -0.85
-0.02 -0.52 -0.96
-0.04 -0.42 -1.08
0.03 -0.34 -1.17
0.01 -0.61 -1.17
0.05 -0.52 -1.23
0.12 -0.43 -1.26
0.16 -0.35 -1.27
0.22 -0.63 -1.14
0.31 -0.55 -1.08
0.31 -0.46 -1.01
0.27 -0.36 -0.98
0.19 -0.64 -0.91
0.13 -0.55 -0.94
0.13 -0.47 -1.01
0.14 -0.42 -1.10
0.18 -0.40 -1.20
0.28 -0.40 -1.25
0.39 -0.38 -1.28
0.50 -0.37 -1.31
0.58 -0.36 -1.32
0.62 -0.35 -1.33
0.61 -0.33 -1.33
0.54 -0.30 -1.32
0.44 -0.27 -1.31
0.30 -0.22 -1.31
0.15 -0.16 -1.32
0.05 -0.07 -1.33
0.16 -0.28 -1.32
-0.01 -0.21 -1.32
-0.03 -0.12 -1.30
-0.17 -0.33 -1.06
-0.02 -0.18 -0.53
0.38 0.08 -0.10
1.03 0.58 0.26
1.84 0.74 0.31
2.64 0.54 0.18
3.33 0.04 -0.07
3.86 -0.69 -0.39
4.22 -1.56 -0.75
4.43 -2.46 -1.11
4.49 -3.32 -1.45
4.43 -4.10 -1.75
4.26 -4.75 -1.98
4.01 -5.26 -2.15
3.70 -5.63 -2.24
3.36 -5.87 -2.28
3.02 -5.99 -2.26
2.70 -6.02 -2.20
2.42 -5.96 -2.12
2.18 -5.84 -2.02
2.00 -5.69 -1.92
1.86 -5.51 -1.83
1.77 -5.32 -1.75
1.72 -5.14 -1.67
1.69 -4.98 -1.61
1.68 -4.82 -1.55
1.68 -4.69 -1.51
1.68 -4.58 -1.47
1.68 -4.49 -1.44
1.67 -4.41 -1.42
1.65 -4.34 -1.41
1.62 -4.28 -1.40
1.58 -4.22 -1.39
1.54 -4.16 -1.38
1.49 -4.10 -1.37
1.44 -4.04 -1.36
1.39 -3.98 -1.35
1.34 -3.91 -1.34
1.28 -3.83 -1.33
1.23 -3.75 -1.33
1.19 -3.67 -1.32
1.14 -3.57 -1.31
1.11 -3.48 -1.31
1.08 -3.41 -1.36
1.03 -3.35 -1.55
0.95 -3.30 -1.79
0.79 -3.22 -2.06
0.51 -3.09 -2.28
0.11 -2.92 -2.40
-0.33 -2.70 -2.44
-0.79 -2.46 -2.40
-1.22 -2.22 -2.30
-1.60 -2.01 -2.16
-1.90 -1.84 -2.00
-2.10 -1.72 -1.83
-2.21 -1.66 -1.68
-2.24 -1.64 -1.54
-2.20 -1.64 -1.43
-2.10 -1.66 -1.34
-1.95 -1.68 -1.28
-1.78 -1.70 -1.24
-1.58 -1.70 -1.21
-1.38 -1.69 -1.18
-1.18 -1.67 -1.18
-0.99 -1.63 -1.18
-0.81 -1.58 -1.18
-0.65 -1.52 -1.19
-0.51 -1.45 -1.20
-0.39 -1.36 -1.20
-0.29 -1.27 -1.19
-0.20 -1.17 -1.18
-0.20 -1.11 -0.92
-0.24 -0.97 -0.36
-0.21 -0.73 0.48
-0.13 -0.66 1.72
-0.05 -0.54 2.98
0.08 -0.37 4.11
0.34 -0.17 4.87
0.75 0.05 5.19
0.97 0.03 5.14
1.26 0.04 4.74
1.59 0.03 4.09
1.92 -0.01 3.27
2.21 -0.08 2.38
2.45 -0.18 1.49
2.62 -0.29 0.67
2.70 -0.40 -0.05
2.71 -0.51 -0.64
2.64 -0.60 -1.10
2.51 -0.67 -1.42
2.33 -0.71 -1.62
2.13 -0.74 -1.72
1.91 -0.74 -1.74
1.68 -0.73 -1.70
1.46 -0.70 -1.62
1.25 -0.66 -1.52
1.06 -0.62 -1.41
0.90 -0.57 -1.32
0.75 -0.51 -1.24
0.62 -0.44 -1.17
0.51 -0.37 -1.12
0.43 -0.30 -1.09
0.36 -0.22 -1.08
0.31 -0.13 -1.08
0.28 -0.05 -1.09
0.27 0.04 -1.10
0.30 0.13 -1.11
0.26 -0.16 -1.15
0.29 -0.07 -1.16
0.29 0.03 -1.17
0.28 0.12 -1.19
0.33 -0.17 -1.21
0.31 -0.07 -1.22
0.31 0.03 -1.22
0.30 0.13 -1.22
0.32 -0.17 -1.23
0.32 -0.07 -1.23
0.31 0.03 -1.22
0.28 0.13 -1.22
0.34 -0.15 -1.21
0.31 -0.05 -1.21
0.30 0.05 -1.20
0.30 0.15 -1.19
0.31 -0.14 -1.20
0.31 -0.05 -1.19
0.30 0.05 -1.19
0.29 0.15 -1.19
0.32 -0.15 -1.20
0.31 -0.05 -1.20
0.30 0.04 -1.20
0.30 0.14 -1.20
0.32 -0.16 -1.21
0.31 -0.06 -1.20
0.31 0.03 -1.20
0.30 0.13 -1.20
0.31 -0.16 -1.21
