-0.00017 0.00080 -0.01006 0.00005 -0.06194 -2.06934 0.23564 0.00000 0.00000
0.00012 0.00002 -0.00030 0.00110 -0.06186 1.30423 0.21953 0.00000 0.00000
0.00030 -0.00074 0.01044 0.00112 -0.06280 -0.62000 0.21730 0.00000 0.00000
-0.00006 0.00077 -0.01103 0.00108 -0.06091 -2.89982 0.22900 0.00000 0.00000
-0.00018 0.00074 -0.01086 0.00005 -0.06091 -2.80056 0.22318 0.00000 0.00000
0.00012 0.00002 -0.00030 0.00110 -0.06186 0.69934 0.22640 0.00000 0.00000
0.00001 -0.00000 -0.00013 0.00007 -0.06186 0.33974 0.21964 0.00000 0.00000
-0.00021 -0.00006 0.00024 -0.00199 -0.06186 2.22581 0.23283 0.00000 0.00000
-0.00215 -0.00752 0.03314 -0.03688 0.00218 -0.25542 0.23010 0.00000 0.00000
0.00089 -0.00781 0.04954 0.00016 0.00631 -0.18493 0.19283 0.00000 0.00000
0.04448 0.01510 0.46192 -0.10170 0.07269 0.16424 0.15075 0.00000 0.00000
-0.00035 -0.00784 0.05964 -0.02955 0.00120 0.43893 0.10884 0.00000 0.00000
0.04039 0.03446 -0.27420 0.11750 -0.11009 0.42274 0.06517 0.00000 0.00000
0.05444 0.01332 0.29964 -0.24827 0.05756 0.20450 0.02267 0.00000 0.00000
0.00846 -0.05114 0.24596 -0.02763 -0.26125 0.56842 -0.00822 0.00000 0.00000
-0.00047 0.00157 -0.01981 -0.00100 -0.06202 0.55234 -0.00791 0.00000 0.00000
-0.00001 -0.00086 0.01018 -0.00197 -0.06177 0.55559 -0.00783 0.00000 0.00000
0.00019 -0.00080 0.00981 0.00008 -0.06178 0.55574 -0.00782 0.00000 0.00000
0.00017 -0.00084 0.00901 0.00008 -0.06075 0.55564 -0.00780 0.00000 0.00000
0.00006 -0.00091 0.00841 -0.00095 -0.05972 0.55584 -0.00779 0.00000 0.00000
0.00017 -0.00084 0.00901 0.00008 -0.06075 0.55569 -0.00779 0.00000 0.00000
0.00017 -0.00084 0.00901 0.00008 -0.06075 0.55576 -0.00780 0.00000 0.00000
-0.00002 -0.00010 -0.00171 0.00006 -0.05980 0.55566 -0.00780 0.00000 0.00000
0.00017 -0.00084 0.00901 0.00008 -0.06075 0.55562 -0.00780 0.00000 0.00000
-0.00010 -0.00003 0.00005 -0.00096 -0.06186 0.55577 -0.00780 0.00000 0.00000
-0.00042 0.00068 -0.01048 -0.00202 -0.06091 0.55599 -0.00780 0.00000 0.00000
-0.00018 0.00074 -0.01086 0.00005 -0.06091 0.55567 -0.00780 0.00000 0.00000
-0.00000 -0.00005 -0.00092 0.00007 -0.06083 0.55550 -0.00781 0.00000 0.00000
0.00001 -0.00000 -0.00013 0.00007 -0.06186 0.55568 -0.00781 0.00000 0.00000
0.00019 -0.00080 0.00981 0.00008 -0.06178 0.55588 -0.00779 0.00000 0.00000
0.00007 -0.00018 -0.00341 0.00109 -0.05775 0.55489 -0.00777 0.00000 0.00000
-0.00081 -0.00007 -0.01747 -0.00410 -0.05061 0.57071 -0.00669 0.00000 0.00000
-0.00331 0.00289 -0.01207 -0.02577 -0.08476 0.63542 -0.00294 0.00000 0.00000
0.01018 -0.02759 0.16125 -0.12991 -0.10025 1.83123 0.01035 0.00000 0.00000
-0.01424 -0.03006 -0.37720 -0.01566 0.06265 2.51196 0.07797 0.00000 0.00000
-0.05545 -0.05979 0.78698 0.10155 -0.05394 2.91602 0.11171 0.00000 0.00000
0.02357 -0.04989 0.28691 -0.09974 -0.14724 3.11679 0.12297 0.00000 0.00000
0.00108 -0.00718 0.08634 -0.02124 -0.07448 3.13618 0.12449 0.00000 0.00000
-0.00668 0.00646 -0.07536 -0.02917 -0.06874 3.12961 0.12456 0.00000 0.00000
-0.00045 0.00056 -0.01205 -0.00202 -0.05885 3.14123 0.12394 0.00000 0.00000
-0.00004 -0.00094 0.00860 -0.00198 -0.05972 3.11166 0.12475 0.00000 0.00000
-0.00004 -0.00094 0.00860 -0.00198 -0.05972 3.10337 0.12420 0.00000 0.00000
-0.00013 -0.00013 -0.00153 -0.00097 -0.05980 3.11276 0.12410 0.00000 0.00000
-0.00024 -0.00016 -0.00133 -0.00200 -0.05980 3.08457 0.12411 0.00000 0.00000
-0.00025 -0.00021 -0.00211 -0.00200 -0.05877 3.09405 0.12413 0.00000 0.00000
0.00030 -0.00008 -0.00296 0.00316 -0.05878 3.09256 0.12426 0.00000 0.00000
-0.00022 -0.00096 0.00980 -0.00403 -0.06074 3.08563 0.12400 0.00000 0.00000
0.00014 -0.00092 0.00746 0.00008 -0.05870 3.11253 0.12402 0.00000 0.00000
0.00008 -0.00013 -0.00265 0.00109 -0.05878 3.06449 0.12428 0.00000 0.00000
0.00013 -0.00096 0.00670 0.00008 -0.05767 3.07463 0.12404 0.00000 0.00000
0.00003 -0.00099 0.00688 -0.00095 -0.05767 3.06828 0.12325 0.00000 0.00000
0.00007 -0.00018 -0.00341 0.00109 -0.05775 3.08412 0.12405 0.00000 0.00000
0.00014 -0.00092 0.00746 0.00008 -0.05870 3.08422 0.12394 0.00000 0.00000
0.00013 -0.00096 0.00670 0.00008 -0.05767 2.99821 0.12415 0.00000 0.00000
-0.00003 -0.00015 -0.00248 0.00006 -0.05878 3.01713 0.12393 0.00000 0.00000
0.00010 -0.00002 -0.00109 0.00110 -0.06083 3.00717 0.12402 0.00000 0.00000
0.00014 -0.00092 0.00746 0.00008 -0.05870 2.99175 0.12396 0.00000 0.00000
0.00016 -0.00088 0.00823 0.00008 -0.05972 2.99005 0.12432 0.00000 0.00000
0.00528 0.00049 0.01144 0.05260 -0.08140 2.97222 0.12353 0.00000 0.00000
0.00016 -0.00088 0.00823 0.00008 -0.05972 2.97518 0.12371 0.00000 0.00000
