0.00033 -0.00140 0.00878 -0.00341 -0.20275 1.61031 0.63349 0.00000 0.00000
-0.00002 -0.00056 0.00543 -0.00039 -0.20077 -1.70931 0.60663 0.00000 0.00000
0.00183 0.00894 -0.04021 -0.01651 -0.19241 1.69005 0.95059 0.00000 0.00000
0.00712 -0.02086 0.16111 -0.03228 -0.16765 1.50190 1.42223 0.00000 0.00000
0.00124 0.04419 -0.24381 -0.01453 -0.17846 1.62161 1.20333 0.00000 0.00000
0.00300 0.01416 -0.06280 -0.03882 -0.16406 1.55767 3.18158 0.00000 0.00000
0.00248 -0.06844 0.37572 -0.01441 -0.19579 2.01779 2.12432 0.00000 0.00000
0.01521 -0.02850 0.17770 -0.05798 -0.17939 1.17614 2.71812 0.00000 0.00000
0.00567 -0.02645 0.13866 -0.02835 -0.20224 1.32113 4.47153 0.00000 0.00000
0.00255 -0.03199 0.13901 -0.01644 -0.22349 1.46932 3.94423 0.00000 0.00000
-0.00692 -0.00907 0.12089 0.02236 -0.14316 1.63580 4.53272 0.00000 0.00000
-0.01105 -0.05624 0.30226 0.01684 -0.19713 1.31426 5.24227 0.00000 0.00000
0.00265 -0.00671 0.02039 -0.02051 -0.22405 1.20671 6.85118 0.00000 0.00000
0.00138 -0.00048 0.00031 -0.01146 -0.20907 1.05350 7.87983 0.00000 0.00000
0.00406 0.00341 -0.02347 -0.03871 -0.21059 0.98873 8.76853 0.00000 0.00000
0.00149 0.02259 -0.11926 -0.04000 -0.20739 0.93845 9.29853 0.00000 0.00000
0.01368 -0.04509 0.18136 -0.05201 -0.23064 0.88900 7.26860 0.00000 0.00000
0.00191 0.01912 -0.10777 -0.04709 -0.24989 0.97184 9.16646 0.00000 0.00000
0.00385 0.00850 -0.06426 -0.05403 -0.24150 0.94305 9.84713 0.00000 0.00000
0.00778 -0.02667 0.11866 -0.03833 -0.21682 1.05133 11.21603 0.00000 0.00000
0.00656 0.00302 -0.02265 -0.06396 -0.19515 1.19173 11.32640 0.00000 0.00000
0.00496 -0.01662 0.08053 -0.02945 -0.20846 1.23957 13.42935 0.00000 0.00000
-0.00336 0.04783 -0.24708 -0.04967 -0.21216 1.33442 13.62192 0.00000 0.00000
0.00235 0.01472 -0.05992 -0.02665 -0.15378 1.40958 14.85640 0.00000 0.00000
-0.00007 0.03135 -0.17955 -0.03812 -0.15243 1.48666 16.93989 0.00000 0.00000
0.00126 0.02424 -0.12838 -0.03798 -0.16716 1.38494 18.87688 0.00000 0.00000
0.00644 0.00541 -0.01384 -0.05887 -0.16533 1.41762 22.18411 0.00000 0.00000
0.01591 -0.02457 0.20183 -0.05689 -0.15604 1.43491 24.13631 0.00000 0.00000
0.01298 -0.00945 0.14166 -0.05616 -0.13289 1.44060 26.91719 0.00000 0.00000
0.00830 0.00553 0.00492 -0.06685 -0.13963 1.49253 32.23867 0.00000 0.00000
