-0.0016259905989027268 -0.0239251322077636 0.1219179893320046 0.013086409130509393 -0.19244307974429456 1.2879826345899998 7.20 44.70 -32.19
-0.0013731965020051112 -0.023833880286335374 0.12169272879181747 0.011073294950132713 -0.19244781853099502 1.2803492803097443 7.50 44.40 -31.94
-0.0013504589339046469 -0.023934711940184927 0.11955359200424631 0.011075612887184658 -0.19659345419583343 1.2889571671332687 6.90 44.40 -32.19
-0.0014766522523204512 -0.02339352410843687 0.1199515847427648 0.012082184653798457 -0.19145730997644994 1.286408535534765 7.20 44.40 -32.19
-0.001373196502005375 -0.02383388028633493 0.1216927287918157 0.011073294950132713 -0.19244781853099502 1.2798655169436552 7.80 44.70 -30.98
-0.0016259905989030043 -0.023925132207763822 0.12191798933200637 0.013086409130509393 -0.19244307974429456 1.2916369288762009 7.20 45.00 -31.70
-0.0010714397550101729 -0.018720693727803273 0.09465340081566431 0.011104056958264344 -0.19401778817303397 1.2840060588634163 7.50 45.00 -31.70
-0.0014152206482785507 -0.024818140746269313 0.1254171484656652 0.011069010880625703 -0.19442317327462622 1.2846324804066727 7.50 45.30 -31.94
-0.0014994134609810639 -0.023877606273019936 0.12180066810278056 0.012079864279713437 -0.19244554781868017 1.286238167842597 7.50 44.70 -30.98
-0.0016391759698404923 -0.02622734479854172 0.13329281120225467 0.012065616298597648 -0.19324014400891626 1.2848152254413794 7.50 45.00 -31.70
-0.0013731965020051112 -0.02383388028633493 0.12169272879181392 0.011073294950132713 -0.19244781853099502 1.2743198813966539 7.80 44.40 -31.94
-0.0014766522523204512 -0.02339352410843687 0.1199515847427648 0.012082184653798457 -0.19145730997644994 1.2822369308277197 7.50 44.40 -31.70
-0.0013470405269397634 -0.01974474963014594 0.10078955913399668 0.013114846848275961 -0.19183874563360664 1.310937565098727 6.00 44.40 -32.19
-0.0014743104462108247 -0.021594581544275737 0.11042875620051262 0.013101872245381797 -0.19164660992276866 1.292279212427212 7.20 44.40 -30.73
-0.0011388758567205531 -0.024246845547219564 0.12336306173919276 0.009058342444814044 -0.19343965549956812 1.2868736595661194 7.20 44.70 -31.94
-0.0016162482698916791 -0.02212166574454466 0.11240825029483048 0.014106864592062063 -0.19263310276735435 1.2900235352392984 7.20 45.00 -32.19
-0.0014766522523204512 -0.02339352410843687 0.1199515847427648 0.012082184653798457 -0.19145730997644994 1.3036025302396923 6.30 44.70 -32.91
-0.0017529579059724631 -0.023976457512859373 0.12204469145259011 0.014092927463965371 -0.19244041433062484 1.2952106042535882 6.90 45.00 -32.43
-0.0017264052616293712 -0.02349191174600951 0.1201958498897504 0.014095634424402282 -0.1914522015449478 1.2881328924448936 7.20 44.10 -31.46
-0.0014990407221037727 -0.022070188032565996 0.11228131254404339 0.013099351103870647 -0.19263577619669978 1.2709668075525786 8.10 45.30 -32.91
-0.0013731965020049725 -0.023833880286335818 0.12169272879181747 0.011073294950132713 -0.19244781853099502 1.2771112087459797 7.80 44.70 -31.70
-0.0013593956856913086 -0.021547137978734643 0.11031110007117384 0.012094138286227595 -0.19164907333855863 1.2774608558673972 7.50 44.10 -32.43
-0.0014994134609812027 -0.023877606273019714 0.12180066810277879 0.012079864279713437 -0.19244554781868017 1.2760740030488418 7.50 44.40 -33.15
-0.001836579259222565 -0.024846654727096018 0.1280003667622598 0.014084402524825906 -0.1902731804829789 1.2818147008775527 7.50 44.40 -32.19
-0.001382224501997556 -0.022022520967932335 0.11216377312200798 0.012091811019596492 -0.19263825169350296 1.2874576416828336 7.20 45.00 -32.67
-0.0017529579059721856 -0.023976457512858707 0.12204469145258656 0.014092927463965371 -0.19244041433062484 1.2805191122768396 7.50 44.70 -32.67
-0.0014766522523203124 -0.023393524108436647 0.1199515847427648 0.012082184653798457 -0.19145730997644994 1.3134376544165396 6.30 45.30 -31.22
-0.0013523313311707419 -0.023350003190915514 0.1198435384722103 0.011075422009293479 -0.19145956960545182 1.2712125101314982 7.80 44.40 -32.91
-0.0015936816298971201 -0.025236333592745686 0.12959313360970093 0.012070254183707715 -0.19126592526997954 1.3013813590942056 6.60 44.70 -31.94
-0.0017526946592855697 -0.025776485545333516 0.13155574111071466 0.013073492219220358 -0.1922507636291994 1.298668013539483 6.90 45.00 -31.46
-0.001382224501997556 -0.022022520967932335 0.11216377312200798 0.012091811019596492 -0.19263825169350296 1.2851804679518557 7.50 45.00 -31.70
